#
# There is insufficient memory for the Java Runtime Environment to continue.
# Native memory allocation (malloc) failed to allocate 1253136 bytes for Chunk::new
# Possible reasons:
#   The system is out of physical RAM or swap space
#   The process is running with CompressedOops enabled, and the Java Heap may be blocking the growth of the native heap
# Possible solutions:
#   Reduce memory load on the system
#   Increase physical memory or swap space
#   Check if swap backing store is full
#   Decrease Java heap size (-Xmx/-Xms)
#   Decrease number of Java threads
#   Decrease Java thread stack sizes (-Xss)
#   Set larger code cache with -XX:ReservedCodeCacheSize=
#   JVM is running with Unscaled Compressed Oops mode in which the Java heap is
#     placed in the first 4GB address space. The Java Heap base address is the
#     maximum limit for the native heap growth. Please use -XX:HeapBaseMinAddress
#     to set the Java Heap base and to place the Java Heap above 4GB virtual address.
# This output file may be truncated or incomplete.
#
#  Out of Memory Error (allocation.cpp:389), pid=15460, tid=0x0000000000003df4
#
# JRE version: Java(TM) SE Runtime Environment (8.0_211-b12) (build 1.8.0_211-b12)
# Java VM: Java HotSpot(TM) 64-Bit Server VM (25.211-b12 mixed mode windows-amd64 compressed oops)
# Failed to write core dump. Minidumps are not enabled by default on client versions of Windows
#

---------------  T H R E A D  ---------------

Current thread (0x000000001926f800):  JavaThread "C2 CompilerThread2" daemon [_thread_in_native, id=15860, stack(0x0000000019d30000,0x0000000019e30000)]

Stack: [0x0000000019d30000,0x0000000019e30000]
[error occurred during error reporting (printing stack bounds), id 0xc0000005]

Native frames: (J=compiled Java code, j=interpreted, Vv=VM code, C=native code)


Current CompileTask:
C2:  11449 4574       4       org.springframework.core.annotation.AnnotatedElementUtils::searchWithGetSemanticsInAnnotations (337 bytes)


---------------  P R O C E S S  ---------------

Java Threads: ( => current thread )
  0x000000001e9ba800 JavaThread "Tomcat JDBC Pool Cleaner[705927765:1566294939196]" daemon [_thread_blocked, id=7824, stack(0x0000000020d00000,0x0000000020e00000)]
  0x000000001b6aa000 JavaThread "container-0" [_thread_blocked, id=11960, stack(0x0000000020890000,0x0000000020990000)]
  0x000000001b32a800 JavaThread "ContainerBackgroundProcessor[StandardEngine[Tomcat]]" daemon [_thread_blocked, id=13760, stack(0x0000000020790000,0x0000000020890000)]
  0x000000001b329800 JavaThread "localhost-startStop-1" daemon [_thread_blocked, id=15704, stack(0x0000000020690000,0x0000000020790000)]
  0x000000001b930000 JavaThread "Tomcat-startStop-1" daemon [_thread_blocked, id=9268, stack(0x0000000020480000,0x0000000020580000)]
  0x000000001a856800 JavaThread "restartedMain" [_thread_in_vm, id=15452, stack(0x000000001bb40000,0x000000001bc40000)]
  0x000000001a73c800 JavaThread "Thread-0" [_thread_blocked, id=10280, stack(0x000000001ba40000,0x000000001bb40000)]
  0x000000001928d000 JavaThread "Service Thread" daemon [_thread_blocked, id=16012, stack(0x0000000019f30000,0x000000001a030000)]
  0x0000000019275800 JavaThread "C1 CompilerThread3" daemon [_thread_blocked, id=8828, stack(0x0000000019e30000,0x0000000019f30000)]
=>0x000000001926f800 JavaThread "C2 CompilerThread2" daemon [_thread_in_native, id=15860, stack(0x0000000019d30000,0x0000000019e30000)]
  0x000000001926b000 JavaThread "C2 CompilerThread1" daemon [_thread_in_native, id=14864, stack(0x0000000019c30000,0x0000000019d30000)]
  0x0000000019265800 JavaThread "C2 CompilerThread0" daemon [_thread_in_native, id=9172, stack(0x0000000019b30000,0x0000000019c30000)]
  0x0000000019264000 JavaThread "Attach Listener" daemon [_thread_blocked, id=900, stack(0x0000000019a30000,0x0000000019b30000)]
  0x0000000019262800 JavaThread "Signal Dispatcher" daemon [_thread_blocked, id=3492, stack(0x0000000019930000,0x0000000019a30000)]
  0x000000000258c800 JavaThread "Finalizer" daemon [_thread_blocked, id=11020, stack(0x0000000019730000,0x0000000019830000)]
  0x0000000019250800 JavaThread "Reference Handler" daemon [_thread_blocked, id=16404, stack(0x0000000019630000,0x0000000019730000)]
  0x0000000002495000 JavaThread "main" [_thread_blocked, id=9936, stack(0x00000000022f0000,0x00000000023f0000)]

Other Threads:
  0x0000000017469800 VMThread [stack: 0x0000000019130000,0x0000000019230000] [id=1076]
  0x0000000019290800 WatcherThread [stack: 0x000000001a030000,0x000000001a130000] [id=14152]

VM state:not at safepoint (normal execution)

VM Mutex/Monitor currently owned by a thread: None

heap address: 0x0000000082a00000, size: 2006 MB, Compressed Oops mode: 32-bit
Narrow klass base: 0x0000000000000000, Narrow klass shift: 3
Compressed class space size: 1073741824 Address: 0x0000000100000000

Heap:
 PSYoungGen      total 186880K, used 168225K [0x00000000d6380000, 0x00000000e2980000, 0x0000000100000000)
  eden space 174080K, 89% used [0x00000000d6380000,0x00000000dfc10920,0x00000000e0d80000)
  from space 12800K, 93% used [0x00000000e1c00000,0x00000000e27b7eb8,0x00000000e2880000)
  to   space 14336K, 0% used [0x00000000e0d80000,0x00000000e0d80000,0x00000000e1b80000)
 ParOldGen       total 94208K, used 21752K [0x0000000082a00000, 0x0000000088600000, 0x00000000d6380000)
  object space 94208K, 23% used [0x0000000082a00000,0x0000000083f3e008,0x0000000088600000)
 Metaspace       used 48250K, capacity 48646K, committed 49152K, reserved 1091584K
  class space    used 6207K, capacity 6342K, committed 6400K, reserved 1048576K

Card table byte_map: [0x0000000011950000,0x0000000011d40000] byte_map_base: 0x000000001153b000

Marking Bits: (ParMarkBitMap*) 0x000000005a725ce0
 Begin Bits: [0x00000000127e0000, 0x0000000014738000)
 End Bits:   [0x0000000014738000, 0x0000000016690000)

Polling page: 0x0000000000b30000

CodeCache: size=245760Kb used=16109Kb max_used=16109Kb free=229650Kb
 bounds [0x0000000002590000, 0x0000000003570000, 0x0000000011590000]
 total_blobs=4672 nmethods=3968 adapters=616
 compilation: enabled

Compilation events (10 events):
Event: 11.400 Thread 0x0000000019275800 4597       2       org.springframework.boot.context.embedded.WebApplicationContextServletContextAwareProcessor::getServletConfig (23 bytes)
Event: 11.400 Thread 0x0000000019275800 nmethod 4597 0x0000000002e1d990 code [0x0000000002e1db00, 0x0000000002e1dc88]
Event: 11.414 Thread 0x0000000019275800 4599       2       java.lang.reflect.Constructor::getDeclaredAnnotations (5 bytes)
Event: 11.415 Thread 0x0000000019275800 nmethod 4599 0x000000000307d510 code [0x000000000307d6a0, 0x000000000307d8c8]
Event: 11.415 Thread 0x0000000019275800 4600       2       org.springframework.beans.PropertyEditorRegistrySupport::useConfigValueEditors (6 bytes)
Event: 11.415 Thread 0x0000000019275800 nmethod 4600 0x000000000307d150 code [0x000000000307d2a0, 0x000000000307d3f0]
Event: 11.415 Thread 0x0000000019275800 4601       2       org.springframework.beans.support.ResourceEditorRegistrar::registerCustomEditors (220 bytes)
Event: 11.418 Thread 0x0000000019275800 nmethod 4601 0x0000000003548a10 code [0x0000000003548e00, 0x000000000354ab78]
Event: 11.419 Thread 0x0000000019275800 4602   !   2       com.sun.proxy.$Proxy63::annotationType (29 bytes)
Event: 11.420 Thread 0x0000000019275800 nmethod 4602 0x00000000027f3810 code [0x00000000027f39a0, 0x00000000027f3c58]

GC Heap History (10 events):
Event: 6.363 GC heap before
{Heap before GC invocations=10 (full 1):
 PSYoungGen      total 109568K, used 108476K [0x00000000d6380000, 0x00000000ddb00000, 0x0000000100000000)
  eden space 103936K, 100% used [0x00000000d6380000,0x00000000dc900000,0x00000000dc900000)
  from space 5632K, 80% used [0x00000000dd580000,0x00000000dd9ef3d0,0x00000000ddb00000)
  to   space 9216K, 0% used [0x00000000dc900000,0x00000000dc900000,0x00000000dd200000)
 ParOldGen       total 53760K, used 6485K [0x0000000082a00000, 0x0000000085e80000, 0x00000000d6380000)
  object space 53760K, 12% used [0x0000000082a00000,0x00000000830555a0,0x0000000085e80000)
 Metaspace       used 30095K, capacity 30454K, committed 30720K, reserved 1077248K
  class space    used 3722K, capacity 3812K, committed 3840K, reserved 1048576K
Event: 6.372 GC heap after
Heap after GC invocations=10 (full 1):
 PSYoungGen      total 113152K, used 9197K [0x00000000d6380000, 0x00000000e0200000, 0x0000000100000000)
  eden space 103936K, 0% used [0x00000000d6380000,0x00000000d6380000,0x00000000dc900000)
  from space 9216K, 99% used [0x00000000dc900000,0x00000000dd1fb438,0x00000000dd200000)
  to   space 12288K, 0% used [0x00000000df600000,0x00000000df600000,0x00000000e0200000)
 ParOldGen       total 53760K, used 10764K [0x0000000082a00000, 0x0000000085e80000, 0x00000000d6380000)
  object space 53760K, 20% used [0x0000000082a00000,0x00000000834830c8,0x0000000085e80000)
 Metaspace       used 30095K, capacity 30454K, committed 30720K, reserved 1077248K
  class space    used 3722K, capacity 3812K, committed 3840K, reserved 1048576K
}
Event: 7.156 GC heap before
{Heap before GC invocations=11 (full 1):
 PSYoungGen      total 113152K, used 113133K [0x00000000d6380000, 0x00000000e0200000, 0x0000000100000000)
  eden space 103936K, 100% used [0x00000000d6380000,0x00000000dc900000,0x00000000dc900000)
  from space 9216K, 99% used [0x00000000dc900000,0x00000000dd1fb438,0x00000000dd200000)
  to   space 12288K, 0% used [0x00000000df600000,0x00000000df600000,0x00000000e0200000)
 ParOldGen       total 53760K, used 10764K [0x0000000082a00000, 0x0000000085e80000, 0x00000000d6380000)
  object space 53760K, 20% used [0x0000000082a00000,0x00000000834830c8,0x0000000085e80000)
 Metaspace       used 32184K, capacity 32572K, committed 32768K, reserved 1077248K
  class space    used 3978K, capacity 4069K, committed 4096K, reserved 1048576K
Event: 7.167 GC heap after
Heap after GC invocations=11 (full 1):
 PSYoungGen      total 148992K, used 11531K [0x00000000d6380000, 0x00000000e0300000, 0x0000000100000000)
  eden space 136704K, 0% used [0x00000000d6380000,0x00000000d6380000,0x00000000de900000)
  from space 12288K, 93% used [0x00000000df600000,0x00000000e0142e00,0x00000000e0200000)
  to   space 13312K, 0% used [0x00000000de900000,0x00000000de900000,0x00000000df600000)
 ParOldGen       total 53760K, used 12754K [0x0000000082a00000, 0x0000000085e80000, 0x00000000d6380000)
  object space 53760K, 23% used [0x0000000082a00000,0x0000000083674940,0x0000000085e80000)
 Metaspace       used 32184K, capacity 32572K, committed 32768K, reserved 1077248K
  class space    used 3978K, capacity 4069K, committed 4096K, reserved 1048576K
}
Event: 8.270 GC heap before
{Heap before GC invocations=12 (full 1):
 PSYoungGen      total 148992K, used 61869K [0x00000000d6380000, 0x00000000e0300000, 0x0000000100000000)
  eden space 136704K, 36% used [0x00000000d6380000,0x00000000d94a88c0,0x00000000de900000)
  from space 12288K, 93% used [0x00000000df600000,0x00000000e0142e00,0x00000000e0200000)
  to   space 13312K, 0% used [0x00000000de900000,0x00000000de900000,0x00000000df600000)
 ParOldGen       total 53760K, used 12754K [0x0000000082a00000, 0x0000000085e80000, 0x00000000d6380000)
  object space 53760K, 23% used [0x0000000082a00000,0x0000000083674940,0x0000000085e80000)
 Metaspace       used 34853K, capacity 35252K, committed 35456K, reserved 1081344K
  class space    used 4312K, capacity 4425K, committed 4480K, reserved 1048576K
Event: 8.277 GC heap after
Heap after GC invocations=12 (full 1):
 PSYoungGen      total 150016K, used 6163K [0x00000000d6380000, 0x00000000e2880000, 0x0000000100000000)
  eden space 136704K, 0% used [0x00000000d6380000,0x00000000d6380000,0x00000000de900000)
  from space 13312K, 46% used [0x00000000de900000,0x00000000def04ce8,0x00000000df600000)
  to   space 12800K, 0% used [0x00000000e1c00000,0x00000000e1c00000,0x00000000e2880000)
 ParOldGen       total 53760K, used 19785K [0x0000000082a00000, 0x0000000085e80000, 0x00000000d6380000)
  object space 53760K, 36% used [0x0000000082a00000,0x0000000083d52420,0x0000000085e80000)
 Metaspace       used 34853K, capacity 35252K, committed 35456K, reserved 1081344K
  class space    used 4312K, capacity 4425K, committed 4480K, reserved 1048576K
}
Event: 8.277 GC heap before
{Heap before GC invocations=13 (full 2):
 PSYoungGen      total 150016K, used 6163K [0x00000000d6380000, 0x00000000e2880000, 0x0000000100000000)
  eden space 136704K, 0% used [0x00000000d6380000,0x00000000d6380000,0x00000000de900000)
  from space 13312K, 46% used [0x00000000de900000,0x00000000def04ce8,0x00000000df600000)
  to   space 12800K, 0% used [0x00000000e1c00000,0x00000000e1c00000,0x00000000e2880000)
 ParOldGen       total 53760K, used 19785K [0x0000000082a00000, 0x0000000085e80000, 0x00000000d6380000)
  object space 53760K, 36% used [0x0000000082a00000,0x0000000083d52420,0x0000000085e80000)
 Metaspace       used 34853K, capacity 35252K, committed 35456K, reserved 1081344K
  class space    used 4312K, capacity 4425K, committed 4480K, reserved 1048576K
Event: 8.340 GC heap after
Heap after GC invocations=13 (full 2):
 PSYoungGen      total 150016K, used 0K [0x00000000d6380000, 0x00000000e2880000, 0x0000000100000000)
  eden space 136704K, 0% used [0x00000000d6380000,0x00000000d6380000,0x00000000de900000)
  from space 13312K, 0% used [0x00000000de900000,0x00000000de900000,0x00000000df600000)
  to   space 12800K, 0% used [0x00000000e1c00000,0x00000000e1c00000,0x00000000e2880000)
 ParOldGen       total 94208K, used 21744K [0x0000000082a00000, 0x0000000088600000, 0x00000000d6380000)
  object space 94208K, 23% used [0x0000000082a00000,0x0000000083f3c008,0x0000000088600000)
 Metaspace       used 34853K, capacity 35252K, committed 35456K, reserved 1081344K
  class space    used 4312K, capacity 4425K, committed 4480K, reserved 1048576K
}
Event: 10.204 GC heap before
{Heap before GC invocations=14 (full 2):
 PSYoungGen      total 150016K, used 136704K [0x00000000d6380000, 0x00000000e2880000, 0x0000000100000000)
  eden space 136704K, 100% used [0x00000000d6380000,0x00000000de900000,0x00000000de900000)
  from space 13312K, 0% used [0x00000000de900000,0x00000000de900000,0x00000000df600000)
  to   space 12800K, 0% used [0x00000000e1c00000,0x00000000e1c00000,0x00000000e2880000)
 ParOldGen       total 94208K, used 21744K [0x0000000082a00000, 0x0000000088600000, 0x00000000d6380000)
  object space 94208K, 23% used [0x0000000082a00000,0x0000000083f3c008,0x0000000088600000)
 Metaspace       used 44155K, capacity 44606K, committed 44800K, reserved 1087488K
  class space    used 5736K, capacity 5872K, committed 5888K, reserved 1048576K
Event: 10.216 GC heap after
Heap after GC invocations=14 (full 2):
 PSYoungGen      total 186880K, used 11999K [0x00000000d6380000, 0x00000000e2980000, 0x0000000100000000)
  eden space 174080K, 0% used [0x00000000d6380000,0x00000000d6380000,0x00000000e0d80000)
  from space 12800K, 93% used [0x00000000e1c00000,0x00000000e27b7eb8,0x00000000e2880000)
  to   space 14336K, 0% used [0x00000000e0d80000,0x00000000e0d80000,0x00000000e1b80000)
 ParOldGen       total 94208K, used 21752K [0x0000000082a00000, 0x0000000088600000, 0x00000000d6380000)
  object space 94208K, 23% used [0x0000000082a00000,0x0000000083f3e008,0x0000000088600000)
 Metaspace       used 44155K, capacity 44606K, committed 44800K, reserved 1087488K
  class space    used 5736K, capacity 5872K, committed 5888K, reserved 1048576K
}

Deoptimization events (10 events):
Event: 10.859 Thread 0x000000001a856800 Uncommon trap: reason=unstable_if action=reinterpret pc=0x00000000032c26b8 method=java.lang.reflect.Modifier.toString(I)Ljava/lang/String; @ 123
Event: 11.022 Thread 0x000000001a856800 Uncommon trap: reason=unstable_if action=reinterpret pc=0x00000000031cfc2c method=java.lang.ClassLoader.preDefineClass(Ljava/lang/String;Ljava/security/ProtectionDomain;)Ljava/security/ProtectionDomain; @ 86
Event: 11.130 Thread 0x000000001a856800 Uncommon trap: reason=class_check action=maybe_recompile pc=0x000000000319cb5c method=java.lang.ClassLoader.loadClass(Ljava/lang/String;Z)Ljava/lang/Class; @ 38
Event: 11.130 Thread 0x000000001a856800 Uncommon trap: reason=class_check action=maybe_recompile pc=0x000000000319cb5c method=java.lang.ClassLoader.loadClass(Ljava/lang/String;Z)Ljava/lang/Class; @ 38
Event: 11.130 Thread 0x000000001a856800 Uncommon trap: reason=class_check action=maybe_recompile pc=0x000000000319cb5c method=java.lang.ClassLoader.loadClass(Ljava/lang/String;Z)Ljava/lang/Class; @ 38
Event: 11.130 Thread 0x000000001a856800 Uncommon trap: reason=class_check action=maybe_recompile pc=0x000000000319cb5c method=java.lang.ClassLoader.loadClass(Ljava/lang/String;Z)Ljava/lang/Class; @ 38
Event: 11.198 Thread 0x000000001a856800 Uncommon trap: reason=unstable_if action=reinterpret pc=0x0000000002bcab98 method=java.io.WinNTFileSystem.isLetter(C)Z @ 3
Event: 11.251 Thread 0x000000001a856800 Uncommon trap: reason=unstable_if action=reinterpret pc=0x00000000033a7a7c method=org.springframework.core.annotation.AnnotationUtils.isInterfaceWithAnnotatedMethods(Ljava/lang/Class;)Z @ 55
Event: 11.374 Thread 0x000000001a856800 Uncommon trap: reason=unstable_if action=reinterpret pc=0x00000000027848e8 method=java.lang.reflect.Proxy.isProxyClass(Ljava/lang/Class;)Z @ 16
Event: 11.375 Thread 0x000000001a856800 Uncommon trap: reason=unstable_if action=reinterpret pc=0x0000000002889a04 method=sun.reflect.misc.ReflectUtil.isNonPublicProxyClass(Ljava/lang/Class;)Z @ 33

Classes redefined (0 events):
No events

Internal exceptions (10 events):
Event: 11.411 Thread 0x000000001a856800 Exception <a 'java/lang/ClassNotFoundException': org/springframework/boot/autoconfigure/jdbc/DataSourceTransactionManagerAutoConfiguration$DataSourceTransactionManagerConfiguration$$EnhancerBySpringCGLIB$$e5be848aCustomizer> (0x00000000df403178) thrown at
Event: 11.411 Thread 0x000000001a856800 Exception <a 'java/lang/ClassNotFoundException': org/springframework/context/annotation/ConfigurationClassEnhancer$EnhancedConfigurationCustomizer> (0x00000000df42b530) thrown at [C:\re\workspace\8-2-build-windows-amd64-cygwin\jdk8u211\12973\hotspot\src\s
Event: 11.412 Thread 0x000000001a856800 Exception <a 'java/lang/ClassNotFoundException': java/lang/ObjectCustomizer> (0x00000000df4580a0) thrown at [C:\re\workspace\8-2-build-windows-amd64-cygwin\jdk8u211\12973\hotspot\src\share\vm\classfile\systemDictionary.cpp, line 210]
Event: 11.413 Thread 0x000000001a856800 Exception <a 'java/lang/ClassNotFoundException': org/springframework/boot/autoconfigure/jdbc/DataSourceTransactionManagerAutoConfigurationCustomizer> (0x00000000df47c330) thrown at [C:\re\workspace\8-2-build-windows-amd64-cygwin\jdk8u211\12973\hotspot\src
Event: 11.413 Thread 0x000000001a856800 Exception <a 'java/lang/ClassNotFoundException': org/springframework/boot/autoconfigure/jdbc/DataSourceTransactionManagerAutoConfiguration$$EnhancerBySpringCGLIB$$4994dc6cCustomizer> (0x00000000df4a5570) thrown at [C:\re\workspace\8-2-build-windows-amd64-
Event: 11.414 Thread 0x000000001a856800 Exception <a 'java/lang/ClassNotFoundException': org/springframework/context/annotation/ConfigurationClassEnhancer$EnhancedConfigurationCustomizer> (0x00000000df4cb218) thrown at [C:\re\workspace\8-2-build-windows-amd64-cygwin\jdk8u211\12973\hotspot\src\s
Event: 11.415 Thread 0x000000001a856800 Exception <a 'java/lang/ClassNotFoundException': java/lang/ObjectCustomizer> (0x00000000df500bc8) thrown at [C:\re\workspace\8-2-build-windows-amd64-cygwin\jdk8u211\12973\hotspot\src\share\vm\classfile\systemDictionary.cpp, line 210]
Event: 11.416 Thread 0x000000001a856800 Exception <a 'java/lang/ClassNotFoundException': org/springframework/boot/autoconfigure/jdbc/JdbcTemplateAutoConfigurationCustomizer> (0x00000000df521358) thrown at [C:\re\workspace\8-2-build-windows-amd64-cygwin\jdk8u211\12973\hotspot\src\share\vm\classf
Event: 11.417 Thread 0x000000001a856800 Exception <a 'java/lang/ClassNotFoundException': org/springframework/boot/autoconfigure/jdbc/JdbcTemplateAutoConfiguration$$EnhancerBySpringCGLIB$$58a2210bCustomizer> (0x00000000df547ad8) thrown at [C:\re\workspace\8-2-build-windows-amd64-cygwin\jdk8u211\
Event: 11.417 Thread 0x000000001a856800 Exception <a 'java/lang/ClassNotFoundException': org/springframework/context/annotation/ConfigurationClassEnhancer$EnhancedConfigurationCustomizer> (0x00000000df56f5d0) thrown at [C:\re\workspace\8-2-build-windows-amd64-cygwin\jdk8u211\12973\hotspot\src\s

Events (10 events):
Event: 11.435 loading class org/springframework/jdbc/support/nativejdbc/NativeJdbcExtractor
Event: 11.435 loading class org/springframework/jdbc/support/nativejdbc/NativeJdbcExtractor done
Event: 11.435 loading class org/springframework/jdbc/support/KeyHolder
Event: 11.435 loading class org/springframework/jdbc/support/KeyHolder done
Event: 11.435 loading class org/springframework/jdbc/core/RowCallbackHandler
Event: 11.435 loading class org/springframework/jdbc/core/RowCallbackHandler done
Event: 11.435 loading class org/springframework/jdbc/support/rowset/SqlRowSet
Event: 11.435 loading class org/springframework/jdbc/support/rowset/SqlRowSet done
Event: 11.436 loading class org/springframework/jdbc/core/BatchPreparedStatementSetter
Event: 11.436 loading class org/springframework/jdbc/core/BatchPreparedStatementSetter done


Dynamic libraries:
0x00007ff7c3980000 - 0x00007ff7c39b7000 	C:\Program Files\Java\jdk1.8.0_211\bin\javaw.exe
0x00007ffb0a8b0000 - 0x00007ffb0aa9d000 	C:\Windows\SYSTEM32\ntdll.dll
0x00007ffb0a690000 - 0x00007ffb0a743000 	C:\Windows\System32\KERNEL32.DLL
0x00007ffb070d0000 - 0x00007ffb07363000 	C:\Windows\System32\KERNELBASE.dll
0x00007ffb08e70000 - 0x00007ffb08f13000 	C:\Windows\System32\ADVAPI32.dll
0x00007ffb08aa0000 - 0x00007ffb08b3e000 	C:\Windows\System32\msvcrt.dll
0x00007ffb08920000 - 0x00007ffb089be000 	C:\Windows\System32\sechost.dll
0x00007ffb0a540000 - 0x00007ffb0a662000 	C:\Windows\System32\RPCRT4.dll
0x00007ffb08b50000 - 0x00007ffb08ce7000 	C:\Windows\System32\USER32.dll
0x00007ffb073d0000 - 0x00007ffb073f0000 	C:\Windows\System32\win32u.dll
0x00007ffb08dc0000 - 0x00007ffb08de9000 	C:\Windows\System32\GDI32.dll
0x00007ffb073f0000 - 0x00007ffb07589000 	C:\Windows\System32\gdi32full.dll
0x00007ffb07920000 - 0x00007ffb079c0000 	C:\Windows\System32\msvcp_win.dll
0x00007ffb07610000 - 0x00007ffb0770a000 	C:\Windows\System32\ucrtbase.dll
0x00007ffaf0120000 - 0x00007ffaf0399000 	C:\Windows\WinSxS\amd64_microsoft.windows.common-controls_6595b64144ccf1df_6.0.17763.678_none_05b74150071d72bf\COMCTL32.dll
0x00007ffb07c50000 - 0x00007ffb07f7c000 	C:\Windows\System32\combase.dll
0x00007ffb07590000 - 0x00007ffb0760e000 	C:\Windows\System32\bcryptPrimitives.dll
0x00007ffb07f80000 - 0x00007ffb07fae000 	C:\Windows\System32\IMM32.DLL
0x000000005d040000 - 0x000000005d112000 	C:\Program Files\Java\jdk1.8.0_211\jre\bin\msvcr100.dll
0x0000000059f00000 - 0x000000005a7a5000 	C:\Program Files\Java\jdk1.8.0_211\jre\bin\server\jvm.dll
0x00007ffb08db0000 - 0x00007ffb08db8000 	C:\Windows\System32\PSAPI.DLL
0x00007ffafeec0000 - 0x00007ffafeeca000 	C:\Windows\SYSTEM32\VERSION.dll
0x00007ffaf46f0000 - 0x00007ffaf46f9000 	C:\Windows\SYSTEM32\WSOCK32.dll
0x00007ffb02560000 - 0x00007ffb02584000 	C:\Windows\SYSTEM32\WINMM.dll
0x00007ffb0a810000 - 0x00007ffb0a87d000 	C:\Windows\System32\WS2_32.dll
0x00007ffb02530000 - 0x00007ffb0255d000 	C:\Windows\SYSTEM32\winmmbase.dll
0x00007ffb079e0000 - 0x00007ffb07a2a000 	C:\Windows\System32\cfgmgr32.dll
0x00007ffb03730000 - 0x00007ffb0373f000 	C:\Program Files\Java\jdk1.8.0_211\jre\bin\verify.dll
0x00007ffb03700000 - 0x00007ffb03729000 	C:\Program Files\Java\jdk1.8.0_211\jre\bin\java.dll
0x00007ffb02b10000 - 0x00007ffb02b26000 	C:\Program Files\Java\jdk1.8.0_211\jre\bin\zip.dll
0x00007ffb09050000 - 0x00007ffb0a540000 	C:\Windows\System32\SHELL32.dll
0x00007ffb082c0000 - 0x00007ffb08368000 	C:\Windows\System32\shcore.dll
0x00007ffb06980000 - 0x00007ffb070ca000 	C:\Windows\System32\windows.storage.dll
0x00007ffb068d0000 - 0x00007ffb068f4000 	C:\Windows\System32\profapi.dll
0x00007ffb06900000 - 0x00007ffb0695d000 	C:\Windows\System32\powrprof.dll
0x00007ffb08d50000 - 0x00007ffb08da2000 	C:\Windows\System32\shlwapi.dll
0x00007ffb068b0000 - 0x00007ffb068c1000 	C:\Windows\System32\kernel.appcore.dll
0x00007ffb079c0000 - 0x00007ffb079d7000 	C:\Windows\System32\cryptsp.dll
0x00007ffb036f0000 - 0x00007ffb036fd000 	C:\Program Files\Java\jdk1.8.0_211\jre\bin\management.dll
0x00007ffb02ae0000 - 0x00007ffb02afa000 	C:\Program Files\Java\jdk1.8.0_211\jre\bin\net.dll
0x00007ffaf4c90000 - 0x00007ffaf4e67000 	C:\Windows\SYSTEM32\urlmon.dll
0x00007ffaf5050000 - 0x00007ffaf52f8000 	C:\Windows\SYSTEM32\iertutil.dll
0x00007ffb062f0000 - 0x00007ffb062fc000 	C:\Windows\SYSTEM32\CRYPTBASE.DLL
0x00007ffb06120000 - 0x00007ffb06187000 	C:\Windows\system32\mswsock.dll
0x00007ffaf4300000 - 0x00007ffaf4316000 	C:\Windows\system32\napinsp.dll
0x00007ffaf4320000 - 0x00007ffaf433a000 	C:\Windows\system32\pnrpnsp.dll
0x00007ffb01280000 - 0x00007ffb0129b000 	C:\Windows\system32\NLAapi.dll
0x00007ffb05e40000 - 0x00007ffb05e7d000 	C:\Windows\SYSTEM32\IPHLPAPI.DLL
0x00007ffb05e80000 - 0x00007ffb05f46000 	C:\Windows\SYSTEM32\DNSAPI.dll
0x00007ffb0a750000 - 0x00007ffb0a758000 	C:\Windows\System32\NSI.dll
0x00007ffaf41f0000 - 0x00007ffaf41fe000 	C:\Windows\System32\winrnr.dll
0x00007ffb00870000 - 0x00007ffb00885000 	C:\Windows\system32\wshbth.dll
0x00007ffafac00000 - 0x00007ffafac0a000 	C:\Windows\System32\rasadhlp.dll
0x00007ffafc280000 - 0x00007ffafc2f9000 	C:\Windows\System32\fwpuclnt.dll
0x00007ffb07710000 - 0x00007ffb07736000 	C:\Windows\System32\bcrypt.dll
0x00007ffb02ac0000 - 0x00007ffb02ad2000 	C:\Program Files\Java\jdk1.8.0_211\jre\bin\nio.dll
0x00007ffb05ca0000 - 0x00007ffb05cd3000 	C:\Windows\system32\rsaenh.dll
0x00007ffb067e0000 - 0x00007ffb06808000 	C:\Windows\SYSTEM32\USERENV.dll
0x00007ffafdeb0000 - 0x00007ffafdec6000 	C:\Windows\SYSTEM32\dhcpcsvc6.DLL
0x00007ffafdcb0000 - 0x00007ffafdccc000 	C:\Windows\SYSTEM32\dhcpcsvc.DLL

VM Arguments:
jvm_args: -Dfile.encoding=UTF-8 
java_command: com.infotech.app.SpringBootCustomSecurityApplication
java_class_path (initial): C:\Program Files\Java\jdk1.8.0_211\jre\lib\resources.jar;C:\Program Files\Java\jdk1.8.0_211\jre\lib\rt.jar;C:\Program Files\Java\jdk1.8.0_211\jre\lib\jsse.jar;C:\Program Files\Java\jdk1.8.0_211\jre\lib\jce.jar;C:\Program Files\Java\jdk1.8.0_211\jre\lib\charsets.jar;C:\Program Files\Java\jdk1.8.0_211\jre\lib\jfr.jar;C:\Program Files\Java\jdk1.8.0_211\jre\lib\ext\access-bridge-64.jar;C:\Program Files\Java\jdk1.8.0_211\jre\lib\ext\cldrdata.jar;C:\Program Files\Java\jdk1.8.0_211\jre\lib\ext\dnsns.jar;C:\Program Files\Java\jdk1.8.0_211\jre\lib\ext\jaccess.jar;C:\Program Files\Java\jdk1.8.0_211\jre\lib\ext\jfxrt.jar;C:\Program Files\Java\jdk1.8.0_211\jre\lib\ext\localedata.jar;C:\Program Files\Java\jdk1.8.0_211\jre\lib\ext\nashorn.jar;C:\Program Files\Java\jdk1.8.0_211\jre\lib\ext\sunec.jar;C:\Program Files\Java\jdk1.8.0_211\jre\lib\ext\sunjce_provider.jar;C:\Program Files\Java\jdk1.8.0_211\jre\lib\ext\sunmscapi.jar;C:\Program Files\Java\jdk1.8.0_211\jre\lib\ext\sunpkcs11.jar;C:\Program Files\Java\jdk1.8.0_211\jre\lib\ext\zipfs.jar;D:\SpringBootSecurityCustomLoginAndLogoutApp-master\SpringBootSecurityCustomLoginAndLogoutApp-master\SpringBootSecurityCustomLoginAndLogoutApp-master\SpringBootSecurityCustomLoginAndLogoutApp\target\classes;C:\Users\Lenovo\.m2\repository\org\springframework\boot\spring-boot-starter-web\1.5.6.RELEASE\spring-boot-starter-web-1.5.6.RELEASE.jar;C:\Users\Lenovo\.m2\repository\org\springframework\boot\spring-boot-starter\1.5.6.RELEASE\spring-boot-starter-1.5.6.RELEASE.jar;C:\Users\Lenovo\.m2\repository\org\springframework\boot\spring-boot-starter-logging\1.5.6.RELEASE\spring-boot-starter-logging-1.5.6.RELEASE.jar;C:\Users\Lenovo\.m2\repository\ch\qos\logback\logback-classic\1.1.11\logback-classic-1.1.11.jar;C:\Users\Lenovo\.m2\repository\ch\qos\logback\logback-core\1.1.11\logback-core-1.1.11.jar;C:\Users\Lenovo\.m2\repository\org\slf4j\jul-to-slf4j\1.7.25\jul-to-slf4j-1.7.25.jar;C:\Users\Lenovo\.m2\repository\org\slf4j\lo
Launcher Type: SUN_STANDARD

Environment Variables:
PATH=C:/Program Files/Java/jre1.8.0_211/bin/server;C:/Program Files/Java/jre1.8.0_211/bin;C:/Program Files/Java/jre1.8.0_211/lib/amd64;C:\Program Files (x86)\Common Files\Oracle\Java\javapath;C:\Program Files (x86)\Intel\Intel(R) Management Engine Components\iCLS\;C:\Program Files\Intel\Intel(R) Management Engine Components\iCLS\;C:\Windows\system32;C:\Windows;C:\Windows\System32\Wbem;C:\Windows\System32\WindowsPowerShell\v1.0\;C:\Windows\System32\OpenSSH\;C:\Program Files (x86)\Intel\Intel(R) Management Engine Components\DAL;C:\Program Files\Intel\Intel(R) Management Engine Components\DAL;C:\Program Files (x86)\Intel\Intel(R) Management Engine Components\IPT;C:\Program Files\Intel\Intel(R) Management Engine Components\IPT;C:\Program Files\MySQL\MySQL Shell 8.0\bin\;D:\Softwares\eclipse;
USERNAME=Lenovo
OS=Windows_NT
PROCESSOR_IDENTIFIER=Intel64 Family 6 Model 142 Stepping 10, GenuineIntel



---------------  S Y S T E M  ---------------

OS: Windows 10.0 , 64 bit Build 17763 (10.0.17763.475)

CPU:total 8 (initial active 8) (4 cores per cpu, 2 threads per core) family 6 model 142 stepping 10, cmov, cx8, fxsr, mmx, sse, sse2, sse3, ssse3, sse4.1, sse4.2, popcnt, avx, avx2, aes, clmul, erms, 3dnowpref, lzcnt, ht, tsc, tscinvbit, bmi1, bmi2, adx

Memory: 4k page, physical 8216460k(756188k free), swap 33382284k(5968k free)

vm_info: Java HotSpot(TM) 64-Bit Server VM (25.211-b12) for windows-amd64 JRE (1.8.0_211-b12), built on Apr  1 2019 20:53:26 by "java_re" with MS VC++ 10.0 (VS2010)

time: Tue Aug 20 15:25:43 2019
timezone: India Standard Time
elapsed time: 11 seconds (0d 0h 0m 11s)

