#
# There is insufficient memory for the Java Runtime Environment to continue.
# Native memory allocation (malloc) failed to allocate 989696 bytes for Chunk::new
# Possible reasons:
#   The system is out of physical RAM or swap space
#   The process is running with CompressedOops enabled, and the Java Heap may be blocking the growth of the native heap
# Possible solutions:
#   Reduce memory load on the system
#   Increase physical memory or swap space
#   Check if swap backing store is full
#   Decrease Java heap size (-Xmx/-Xms)
#   Decrease number of Java threads
#   Decrease Java thread stack sizes (-Xss)
#   Set larger code cache with -XX:ReservedCodeCacheSize=
#   JVM is running with Unscaled Compressed Oops mode in which the Java heap is
#     placed in the first 4GB address space. The Java Heap base address is the
#     maximum limit for the native heap growth. Please use -XX:HeapBaseMinAddress
#     to set the Java Heap base and to place the Java Heap above 4GB virtual address.
# This output file may be truncated or incomplete.
#
#  Out of Memory Error (allocation.cpp:389), pid=15608, tid=0x0000000000001798
#
# JRE version: Java(TM) SE Runtime Environment (8.0_211-b12) (build 1.8.0_211-b12)
# Java VM: Java HotSpot(TM) 64-Bit Server VM (25.211-b12 mixed mode windows-amd64 compressed oops)
# Failed to write core dump. Minidumps are not enabled by default on client versions of Windows
#

---------------  T H R E A D  ---------------

Current thread (0x0000000019cf1000):  JavaThread "C2 CompilerThread2" daemon [_thread_in_native, id=6040, stack(0x000000001a7b0000,0x000000001a8b0000)]

Stack: [0x000000001a7b0000,0x000000001a8b0000]
[error occurred during error reporting (printing stack bounds), id 0xc0000005]

Native frames: (J=compiled Java code, j=interpreted, Vv=VM code, C=native code)


Current CompileTask:
C2:   2490 2918   !   4       org.springframework.core.annotation.AnnotationUtils::findAnnotation (205 bytes)


---------------  P R O C E S S  ---------------

Java Threads: ( => current thread )
  0x000000001b703800 JavaThread "restartedMain" [_thread_in_native, id=11484, stack(0x000000001c5c0000,0x000000001c6c0000)]
  0x000000001b360000 JavaThread "Thread-0" [_thread_blocked, id=8040, stack(0x000000001c4c0000,0x000000001c5c0000)]
  0x0000000019d84800 JavaThread "Service Thread" daemon [_thread_blocked, id=7980, stack(0x000000001a9b0000,0x000000001aab0000)]
  0x0000000019cfd800 JavaThread "C1 CompilerThread3" daemon [_thread_blocked, id=7984, stack(0x000000001a8b0000,0x000000001a9b0000)]
=>0x0000000019cf1000 JavaThread "C2 CompilerThread2" daemon [_thread_in_native, id=6040, stack(0x000000001a7b0000,0x000000001a8b0000)]
  0x0000000019ced000 JavaThread "C2 CompilerThread1" daemon [_thread_blocked, id=5332, stack(0x000000001a6b0000,0x000000001a7b0000)]
  0x0000000019cea000 JavaThread "C2 CompilerThread0" daemon [_thread_in_native, id=6992, stack(0x000000001a5b0000,0x000000001a6b0000)]
  0x0000000019ce9000 JavaThread "Attach Listener" daemon [_thread_blocked, id=4028, stack(0x000000001a4b0000,0x000000001a5b0000)]
  0x0000000019ce8000 JavaThread "Signal Dispatcher" daemon [_thread_blocked, id=5216, stack(0x000000001a3b0000,0x000000001a4b0000)]
  0x0000000019cd1800 JavaThread "Finalizer" daemon [_thread_blocked, id=3920, stack(0x000000001a1b0000,0x000000001a2b0000)]
  0x0000000019cd0800 JavaThread "Reference Handler" daemon [_thread_blocked, id=10604, stack(0x000000001a0b0000,0x000000001a1b0000)]
  0x0000000002ef5000 JavaThread "main" [_thread_blocked, id=12852, stack(0x0000000002d10000,0x0000000002e10000)]

Other Threads:
  0x0000000017ec9800 VMThread [stack: 0x0000000019bb0000,0x0000000019cb0000] [id=7936]
  0x0000000019dbb800 WatcherThread [stack: 0x000000001aab0000,0x000000001abb0000] [id=7976]

VM state:not at safepoint (normal execution)

VM Mutex/Monitor currently owned by a thread: None

heap address: 0x0000000082a00000, size: 2006 MB, Compressed Oops mode: 32-bit
Narrow klass base: 0x0000000000000000, Narrow klass shift: 3
Compressed class space size: 1073741824 Address: 0x0000000100000000

Heap:
 PSYoungGen      total 136192K, used 88663K [0x00000000d6380000, 0x00000000e3080000, 0x0000000100000000)
  eden space 131072K, 63% used [0x00000000d6380000,0x00000000db51a1b0,0x00000000de380000)
  from space 5120K, 99% used [0x00000000de380000,0x00000000de87bd80,0x00000000de880000)
  to   space 10752K, 0% used [0x00000000e2600000,0x00000000e2600000,0x00000000e3080000)
 ParOldGen       total 63488K, used 8550K [0x0000000082a00000, 0x0000000086800000, 0x00000000d6380000)
  object space 63488K, 13% used [0x0000000082a00000,0x0000000083259880,0x0000000086800000)
 Metaspace       used 27107K, capacity 27442K, committed 27776K, reserved 1073152K
  class space    used 3355K, capacity 3428K, committed 3456K, reserved 1048576K

Card table byte_map: [0x00000000123b0000,0x00000000127a0000] byte_map_base: 0x0000000011f9b000

Marking Bits: (ParMarkBitMap*) 0x000000005a725ce0
 Begin Bits: [0x0000000013240000, 0x0000000015198000)
 End Bits:   [0x0000000015198000, 0x00000000170f0000)

Polling page: 0x00000000010e0000

CodeCache: size=245760Kb used=11275Kb max_used=11286Kb free=234484Kb
 bounds [0x0000000002ff0000, 0x0000000003b00000, 0x0000000011ff0000]
 total_blobs=3353 nmethods=2978 adapters=287
 compilation: enabled

Compilation events (10 events):
Event: 2.467 Thread 0x0000000019cfd800 nmethod 2979 0x0000000003af5a10 code [0x0000000003af5b60, 0x0000000003af5cb0]
Event: 2.467 Thread 0x0000000019cfd800 2981       3       sun.security.provider.SHA::implCompress (491 bytes)
Event: 2.468 Thread 0x0000000019cfd800 nmethod 2981 0x0000000003af8310 code [0x0000000003af8500, 0x0000000003af8de8]
Event: 2.472 Thread 0x0000000019ced000 nmethod 2962 0x0000000003afcc10 code [0x0000000003afcda0, 0x0000000003afd708]
Event: 2.472 Thread 0x0000000019ced000 2976       4       java.util.LinkedHashMap$LinkedEntrySet::iterator (12 bytes)
Event: 2.472 Thread 0x0000000019ced000 nmethod 2976 0x0000000003af9bd0 code [0x0000000003af9d20, 0x0000000003af9e38]
Event: 2.472 Thread 0x0000000019ced000 2965       4       java.util.LinkedHashMap::entrySet (27 bytes)
Event: 2.473 Thread 0x0000000019ced000 nmethod 2965 0x0000000003af98d0 code [0x0000000003af9a20, 0x0000000003af9b18]
Event: 2.473 Thread 0x0000000019ced000 2980       4       java.lang.Integer::reverseBytes (26 bytes)
Event: 2.473 Thread 0x0000000019ced000 nmethod 2980 0x0000000003af9650 code [0x0000000003af9780, 0x0000000003af97f8]

GC Heap History (10 events):
Event: 0.634 GC heap before
{Heap before GC invocations=2 (full 0):
 PSYoungGen      total 37888K, used 36618K [0x00000000d6380000, 0x00000000dad80000, 0x0000000100000000)
  eden space 32768K, 100% used [0x00000000d6380000,0x00000000d8380000,0x00000000d8380000)
  from space 5120K, 75% used [0x00000000d8380000,0x00000000d8742890,0x00000000d8880000)
  to   space 5120K, 0% used [0x00000000da880000,0x00000000da880000,0x00000000dad80000)
 ParOldGen       total 86016K, used 8K [0x0000000082a00000, 0x0000000087e00000, 0x00000000d6380000)
  object space 86016K, 0% used [0x0000000082a00000,0x0000000082a02000,0x0000000087e00000)
 Metaspace       used 8979K, capacity 9040K, committed 9088K, reserved 1056768K
  class space    used 1126K, capacity 1141K, committed 1152K, reserved 1048576K
Event: 0.637 GC heap after
Heap after GC invocations=2 (full 0):
 PSYoungGen      total 70656K, used 4172K [0x00000000d6380000, 0x00000000dad80000, 0x0000000100000000)
  eden space 65536K, 0% used [0x00000000d6380000,0x00000000d6380000,0x00000000da380000)
  from space 5120K, 81% used [0x00000000da880000,0x00000000dac930a8,0x00000000dad80000)
  to   space 5120K, 0% used [0x00000000da380000,0x00000000da380000,0x00000000da880000)
 ParOldGen       total 86016K, used 16K [0x0000000082a00000, 0x0000000087e00000, 0x00000000d6380000)
  object space 86016K, 0% used [0x0000000082a00000,0x0000000082a04000,0x0000000087e00000)
 Metaspace       used 8979K, capacity 9040K, committed 9088K, reserved 1056768K
  class space    used 1126K, capacity 1141K, committed 1152K, reserved 1048576K
}
Event: 0.986 GC heap before
{Heap before GC invocations=3 (full 0):
 PSYoungGen      total 70656K, used 69708K [0x00000000d6380000, 0x00000000dad80000, 0x0000000100000000)
  eden space 65536K, 100% used [0x00000000d6380000,0x00000000da380000,0x00000000da380000)
  from space 5120K, 81% used [0x00000000da880000,0x00000000dac930a8,0x00000000dad80000)
  to   space 5120K, 0% used [0x00000000da380000,0x00000000da380000,0x00000000da880000)
 ParOldGen       total 86016K, used 16K [0x0000000082a00000, 0x0000000087e00000, 0x00000000d6380000)
  object space 86016K, 0% used [0x0000000082a00000,0x0000000082a04000,0x0000000087e00000)
 Metaspace       used 18691K, capacity 18904K, committed 19072K, reserved 1067008K
  class space    used 2256K, capacity 2316K, committed 2432K, reserved 1048576K
Event: 0.994 GC heap after
Heap after GC invocations=3 (full 0):
 PSYoungGen      total 70656K, used 5088K [0x00000000d6380000, 0x00000000ded80000, 0x0000000100000000)
  eden space 65536K, 0% used [0x00000000d6380000,0x00000000d6380000,0x00000000da380000)
  from space 5120K, 99% used [0x00000000da380000,0x00000000da878020,0x00000000da880000)
  to   space 5120K, 0% used [0x00000000de880000,0x00000000de880000,0x00000000ded80000)
 ParOldGen       total 86016K, used 6508K [0x0000000082a00000, 0x0000000087e00000, 0x00000000d6380000)
  object space 86016K, 7% used [0x0000000082a00000,0x000000008305b1c8,0x0000000087e00000)
 Metaspace       used 18691K, capacity 18904K, committed 19072K, reserved 1067008K
  class space    used 2256K, capacity 2316K, committed 2432K, reserved 1048576K
}
Event: 1.227 GC heap before
{Heap before GC invocations=4 (full 0):
 PSYoungGen      total 70656K, used 48500K [0x00000000d6380000, 0x00000000ded80000, 0x0000000100000000)
  eden space 65536K, 66% used [0x00000000d6380000,0x00000000d8de52e0,0x00000000da380000)
  from space 5120K, 99% used [0x00000000da380000,0x00000000da878020,0x00000000da880000)
  to   space 5120K, 0% used [0x00000000de880000,0x00000000de880000,0x00000000ded80000)
 ParOldGen       total 86016K, used 6508K [0x0000000082a00000, 0x0000000087e00000, 0x00000000d6380000)
  object space 86016K, 7% used [0x0000000082a00000,0x000000008305b1c8,0x0000000087e00000)
 Metaspace       used 20899K, capacity 21130K, committed 21296K, reserved 1069056K
  class space    used 2519K, capacity 2629K, committed 2688K, reserved 1048576K
Event: 1.232 GC heap after
Heap after GC invocations=4 (full 0):
 PSYoungGen      total 136192K, used 5092K [0x00000000d6380000, 0x00000000ded80000, 0x0000000100000000)
  eden space 131072K, 0% used [0x00000000d6380000,0x00000000d6380000,0x00000000de380000)
  from space 5120K, 99% used [0x00000000de880000,0x00000000ded790a0,0x00000000ded80000)
  to   space 5120K, 0% used [0x00000000de380000,0x00000000de380000,0x00000000de880000)
 ParOldGen       total 86016K, used 8931K [0x0000000082a00000, 0x0000000087e00000, 0x00000000d6380000)
  object space 86016K, 10% used [0x0000000082a00000,0x00000000832b8dd8,0x0000000087e00000)
 Metaspace       used 20899K, capacity 21130K, committed 21296K, reserved 1069056K
  class space    used 2519K, capacity 2629K, committed 2688K, reserved 1048576K
}
Event: 1.232 GC heap before
{Heap before GC invocations=5 (full 1):
 PSYoungGen      total 136192K, used 5092K [0x00000000d6380000, 0x00000000ded80000, 0x0000000100000000)
  eden space 131072K, 0% used [0x00000000d6380000,0x00000000d6380000,0x00000000de380000)
  from space 5120K, 99% used [0x00000000de880000,0x00000000ded790a0,0x00000000ded80000)
  to   space 5120K, 0% used [0x00000000de380000,0x00000000de380000,0x00000000de880000)
 ParOldGen       total 86016K, used 8931K [0x0000000082a00000, 0x0000000087e00000, 0x00000000d6380000)
  object space 86016K, 10% used [0x0000000082a00000,0x00000000832b8dd8,0x0000000087e00000)
 Metaspace       used 20899K, capacity 21130K, committed 21296K, reserved 1069056K
  class space    used 2519K, capacity 2629K, committed 2688K, reserved 1048576K
Event: 1.257 GC heap after
Heap after GC invocations=5 (full 1):
 PSYoungGen      total 136192K, used 0K [0x00000000d6380000, 0x00000000ded80000, 0x0000000100000000)
  eden space 131072K, 0% used [0x00000000d6380000,0x00000000d6380000,0x00000000de380000)
  from space 5120K, 0% used [0x00000000de880000,0x00000000de880000,0x00000000ded80000)
  to   space 5120K, 0% used [0x00000000de380000,0x00000000de380000,0x00000000de880000)
 ParOldGen       total 63488K, used 7610K [0x0000000082a00000, 0x0000000086800000, 0x00000000d6380000)
  object space 63488K, 11% used [0x0000000082a00000,0x000000008316e840,0x0000000086800000)
 Metaspace       used 20899K, capacity 21130K, committed 21296K, reserved 1069056K
  class space    used 2519K, capacity 2629K, committed 2688K, reserved 1048576K
}
Event: 1.925 GC heap before
{Heap before GC invocations=6 (full 1):
 PSYoungGen      total 136192K, used 131072K [0x00000000d6380000, 0x00000000ded80000, 0x0000000100000000)
  eden space 131072K, 100% used [0x00000000d6380000,0x00000000de380000,0x00000000de380000)
  from space 5120K, 0% used [0x00000000de880000,0x00000000de880000,0x00000000ded80000)
  to   space 5120K, 0% used [0x00000000de380000,0x00000000de380000,0x00000000de880000)
 ParOldGen       total 63488K, used 7610K [0x0000000082a00000, 0x0000000086800000, 0x00000000d6380000)
  object space 63488K, 11% used [0x0000000082a00000,0x000000008316e840,0x0000000086800000)
 Metaspace       used 23846K, capacity 24210K, committed 24320K, reserved 1071104K
  class space    used 2936K, capacity 3028K, committed 3072K, reserved 1048576K
Event: 1.930 GC heap after
Heap after GC invocations=6 (full 1):
 PSYoungGen      total 136192K, used 5103K [0x00000000d6380000, 0x00000000e3080000, 0x0000000100000000)
  eden space 131072K, 0% used [0x00000000d6380000,0x00000000d6380000,0x00000000de380000)
  from space 5120K, 99% used [0x00000000de380000,0x00000000de87bd80,0x00000000de880000)
  to   space 10752K, 0% used [0x00000000e2600000,0x00000000e2600000,0x00000000e3080000)
 ParOldGen       total 63488K, used 8550K [0x0000000082a00000, 0x0000000086800000, 0x00000000d6380000)
  object space 63488K, 13% used [0x0000000082a00000,0x0000000083259880,0x0000000086800000)
 Metaspace       used 23846K, capacity 24210K, committed 24320K, reserved 1071104K
  class space    used 2936K, capacity 3028K, committed 3072K, reserved 1048576K
}

Deoptimization events (10 events):
Event: 2.270 Thread 0x000000001b703800 Uncommon trap: reason=unstable_if action=reinterpret pc=0x000000000391e828 method=org.springframework.asm.Type.getArgumentsAndReturnSizes(Ljava/lang/String;)I @ 88
Event: 2.333 Thread 0x000000001b703800 Uncommon trap: reason=null_check action=make_not_entrant pc=0x00000000039dda60 method=org.springframework.util.ClassUtils.isAssignable(Ljava/lang/Class;Ljava/lang/Class;)Z @ 14
Event: 2.367 Thread 0x000000001b703800 Uncommon trap: reason=unstable_if action=reinterpret pc=0x0000000003618080 method=java.util.concurrent.ConcurrentHashMap.get(Ljava/lang/Object;)Ljava/lang/Object; @ 76
Event: 2.370 Thread 0x000000001b703800 Uncommon trap: reason=class_check action=maybe_recompile pc=0x0000000003727f00 method=java.lang.Throwable.<init>(Ljava/lang/String;Ljava/lang/Throwable;)V @ 24
Event: 2.371 Thread 0x000000001b703800 Uncommon trap: reason=class_check action=maybe_recompile pc=0x0000000003727f00 method=java.lang.Throwable.<init>(Ljava/lang/String;Ljava/lang/Throwable;)V @ 24
Event: 2.393 Thread 0x000000001b703800 Uncommon trap: reason=unstable_if action=reinterpret pc=0x0000000003632c5c method=java.io.WinNTFileSystem.isLetter(C)Z @ 3
Event: 2.398 Thread 0x000000001b703800 Uncommon trap: reason=unstable_if action=reinterpret pc=0x00000000032f9fbc method=org.springframework.boot.bind.DefaultPropertyNamePatternsMatcher.matches(Ljava/lang/String;)Z @ 112
Event: 2.398 Thread 0x000000001b703800 Uncommon trap: reason=unstable_if action=reinterpret pc=0x00000000032e967c method=org.springframework.boot.bind.DefaultPropertyNamePatternsMatcher.matches(Ljava/lang/String;)Z @ 112
Event: 2.456 Thread 0x000000001b703800 Uncommon trap: reason=class_check action=maybe_recompile pc=0x0000000003a31514 method=java.util.AbstractList$Itr.hasNext()Z @ 8
Event: 2.456 Thread 0x000000001b703800 Uncommon trap: reason=class_check action=maybe_recompile pc=0x0000000003a915c4 method=java.util.AbstractList$Itr.next()Ljava/lang/Object; @ 14

Classes redefined (0 events):
No events

Internal exceptions (10 events):
Event: 2.432 Thread 0x000000001b703800 Exception <a 'java/lang/ClassNotFoundException': org/springframework/boot/autoconfigure/web/ErrorViewResolverCustomizer> (0x00000000db03b090) thrown at [C:\re\workspace\8-2-build-windows-amd64-cygwin\jdk8u211\12973\hotspot\src\share\vm\classfile\systemDic
Event: 2.433 Thread 0x000000001b703800 Exception <a 'java/lang/ClassNotFoundException': org/springframework/core/OrderedCustomizer> (0x00000000db051840) thrown at [C:\re\workspace\8-2-build-windows-amd64-cygwin\jdk8u211\12973\hotspot\src\share\vm\classfile\systemDictionary.cpp, line 210]
Event: 2.439 Thread 0x000000001b703800 Exception <a 'java/lang/ClassNotFoundException': java/lang/ObjectCustomizer> (0x00000000db10ea20) thrown at [C:\re\workspace\8-2-build-windows-amd64-cygwin\jdk8u211\12973\hotspot\src\share\vm\classfile\systemDictionary.cpp, line 210]
Event: 2.439 Thread 0x000000001b703800 Exception <a 'java/lang/ClassNotFoundException': org/springframework/boot/autoconfigure/web/ErrorMvcAutoConfigurationCustomizer> (0x00000000db12e168) thrown at [C:\re\workspace\8-2-build-windows-amd64-cygwin\jdk8u211\12973\hotspot\src\share\vm\classfile\s
Event: 2.439 Thread 0x000000001b703800 Exception <a 'java/lang/ClassNotFoundException': org/springframework/boot/autoconfigure/web/ErrorMvcAutoConfiguration$$EnhancerBySpringCGLIB$$e2d93683Customizer> (0x00000000db154b38) thrown at [C:\re\workspace\8-2-build-windows-amd64-cygwin\jdk8u211\12973
Event: 2.440 Thread 0x000000001b703800 Exception <a 'java/lang/ClassNotFoundException': org/springframework/context/annotation/ConfigurationClassEnhancer$EnhancedConfigurationCustomizer> (0x00000000db17e4b0) thrown at [C:\re\workspace\8-2-build-windows-amd64-cygwin\jdk8u211\12973\hotspot\src\s
Event: 2.446 Thread 0x000000001b703800 Exception <a 'java/lang/ClassNotFoundException': java/lang/ObjectCustomizer> (0x00000000db256038) thrown at [C:\re\workspace\8-2-build-windows-amd64-cygwin\jdk8u211\12973\hotspot\src\share\vm\classfile\systemDictionary.cpp, line 210]
Event: 2.447 Thread 0x000000001b703800 Exception <a 'java/lang/ClassNotFoundException': org/springframework/boot/autoconfigure/web/ErrorMvcAutoConfiguration$ErrorPageCustomizerCustomizer> (0x00000000db2794f0) thrown at [C:\re\workspace\8-2-build-windows-amd64-cygwin\jdk8u211\12973\hotspot\src\
Event: 2.448 Thread 0x000000001b703800 Exception <a 'java/lang/ClassNotFoundException': org/springframework/boot/web/servlet/ErrorPageRegistrarCustomizer> (0x00000000db295e08) thrown at [C:\re\workspace\8-2-build-windows-amd64-cygwin\jdk8u211\12973\hotspot\src\share\vm\classfile\systemDictiona
Event: 2.448 Thread 0x000000001b703800 Exception <a 'java/lang/ClassNotFoundException': org/springframework/core/OrderedCustomizer> (0x00000000db2a94a8) thrown at [C:\re\workspace\8-2-build-windows-amd64-cygwin\jdk8u211\12973\hotspot\src\share\vm\classfile\systemDictionary.cpp, line 210]

Events (10 events):
Event: 2.466 loading class sun/security/provider/ByteArrayAccess
Event: 2.466 loading class sun/security/provider/ByteArrayAccess done
Event: 2.468 loading class java/net/NetworkInterface
Event: 2.468 loading class java/net/NetworkInterface done
Event: 2.468 loading class java/net/NetworkInterface$1
Event: 2.468 loading class java/net/NetworkInterface$1 done
Event: 2.469 loading class java/net/InterfaceAddress
Event: 2.469 loading class java/net/InterfaceAddress done
Event: 2.469 loading class java/net/DefaultInterface
Event: 2.469 loading class java/net/DefaultInterface done


Dynamic libraries:
0x00007ff7c3980000 - 0x00007ff7c39b7000 	C:\Program Files\Java\jdk1.8.0_211\bin\javaw.exe
0x00007ffb0a8b0000 - 0x00007ffb0aa9d000 	C:\Windows\SYSTEM32\ntdll.dll
0x00007ffb0a690000 - 0x00007ffb0a743000 	C:\Windows\System32\KERNEL32.DLL
0x00007ffb070d0000 - 0x00007ffb07363000 	C:\Windows\System32\KERNELBASE.dll
0x00007ffb08e70000 - 0x00007ffb08f13000 	C:\Windows\System32\ADVAPI32.dll
0x00007ffb08aa0000 - 0x00007ffb08b3e000 	C:\Windows\System32\msvcrt.dll
0x00007ffb08920000 - 0x00007ffb089be000 	C:\Windows\System32\sechost.dll
0x00007ffb0a540000 - 0x00007ffb0a662000 	C:\Windows\System32\RPCRT4.dll
0x00007ffb08b50000 - 0x00007ffb08ce7000 	C:\Windows\System32\USER32.dll
0x00007ffb073d0000 - 0x00007ffb073f0000 	C:\Windows\System32\win32u.dll
0x00007ffb08dc0000 - 0x00007ffb08de9000 	C:\Windows\System32\GDI32.dll
0x00007ffb073f0000 - 0x00007ffb07589000 	C:\Windows\System32\gdi32full.dll
0x00007ffb07920000 - 0x00007ffb079c0000 	C:\Windows\System32\msvcp_win.dll
0x00007ffb07610000 - 0x00007ffb0770a000 	C:\Windows\System32\ucrtbase.dll
0x00007ffaf0120000 - 0x00007ffaf0399000 	C:\Windows\WinSxS\amd64_microsoft.windows.common-controls_6595b64144ccf1df_6.0.17763.678_none_05b74150071d72bf\COMCTL32.dll
0x00007ffb07c50000 - 0x00007ffb07f7c000 	C:\Windows\System32\combase.dll
0x00007ffb07590000 - 0x00007ffb0760e000 	C:\Windows\System32\bcryptPrimitives.dll
0x00007ffb07f80000 - 0x00007ffb07fae000 	C:\Windows\System32\IMM32.DLL
0x000000005d040000 - 0x000000005d112000 	C:\Program Files\Java\jdk1.8.0_211\jre\bin\msvcr100.dll
0x0000000059f00000 - 0x000000005a7a5000 	C:\Program Files\Java\jdk1.8.0_211\jre\bin\server\jvm.dll
0x00007ffb08db0000 - 0x00007ffb08db8000 	C:\Windows\System32\PSAPI.DLL
0x00007ffafeec0000 - 0x00007ffafeeca000 	C:\Windows\SYSTEM32\VERSION.dll
0x00007ffb02560000 - 0x00007ffb02584000 	C:\Windows\SYSTEM32\WINMM.dll
0x00007ffaf46f0000 - 0x00007ffaf46f9000 	C:\Windows\SYSTEM32\WSOCK32.dll
0x00007ffb0a810000 - 0x00007ffb0a87d000 	C:\Windows\System32\WS2_32.dll
0x00007ffb02530000 - 0x00007ffb0255d000 	C:\Windows\SYSTEM32\WINMMBASE.dll
0x00007ffb079e0000 - 0x00007ffb07a2a000 	C:\Windows\System32\cfgmgr32.dll
0x00007ffb037c0000 - 0x00007ffb037cf000 	C:\Program Files\Java\jdk1.8.0_211\jre\bin\verify.dll
0x00007ffb01580000 - 0x00007ffb015a9000 	C:\Program Files\Java\jdk1.8.0_211\jre\bin\java.dll
0x00007ffb01350000 - 0x00007ffb01366000 	C:\Program Files\Java\jdk1.8.0_211\jre\bin\zip.dll
0x00007ffb09050000 - 0x00007ffb0a540000 	C:\Windows\System32\SHELL32.dll
0x00007ffb082c0000 - 0x00007ffb08368000 	C:\Windows\System32\shcore.dll
0x00007ffb06980000 - 0x00007ffb070ca000 	C:\Windows\System32\windows.storage.dll
0x00007ffb068d0000 - 0x00007ffb068f4000 	C:\Windows\System32\profapi.dll
0x00007ffb06900000 - 0x00007ffb0695d000 	C:\Windows\System32\powrprof.dll
0x00007ffb08d50000 - 0x00007ffb08da2000 	C:\Windows\System32\shlwapi.dll
0x00007ffb068b0000 - 0x00007ffb068c1000 	C:\Windows\System32\kernel.appcore.dll
0x00007ffb079c0000 - 0x00007ffb079d7000 	C:\Windows\System32\cryptsp.dll
0x00007ffb03760000 - 0x00007ffb0376d000 	C:\Program Files\Java\jdk1.8.0_211\jre\bin\management.dll
0x00007ffb01240000 - 0x00007ffb0125a000 	C:\Program Files\Java\jdk1.8.0_211\jre\bin\net.dll
0x00007ffaf4c90000 - 0x00007ffaf4e67000 	C:\Windows\SYSTEM32\urlmon.dll
0x00007ffaf5050000 - 0x00007ffaf52f8000 	C:\Windows\SYSTEM32\iertutil.dll
0x00007ffb062f0000 - 0x00007ffb062fc000 	C:\Windows\SYSTEM32\CRYPTBASE.DLL
0x00007ffb06120000 - 0x00007ffb06187000 	C:\Windows\system32\mswsock.dll
0x00007ffaf4300000 - 0x00007ffaf4316000 	C:\Windows\system32\napinsp.dll
0x00007ffaf4320000 - 0x00007ffaf433a000 	C:\Windows\system32\pnrpnsp.dll
0x00007ffb01280000 - 0x00007ffb0129b000 	C:\Windows\system32\NLAapi.dll
0x00007ffb05e40000 - 0x00007ffb05e7d000 	C:\Windows\SYSTEM32\IPHLPAPI.DLL
0x00007ffb05e80000 - 0x00007ffb05f46000 	C:\Windows\SYSTEM32\DNSAPI.dll
0x00007ffb0a750000 - 0x00007ffb0a758000 	C:\Windows\System32\NSI.dll
0x00007ffaf41f0000 - 0x00007ffaf41fe000 	C:\Windows\System32\winrnr.dll
0x00007ffb00870000 - 0x00007ffb00885000 	C:\Windows\system32\wshbth.dll
0x00007ffafac00000 - 0x00007ffafac0a000 	C:\Windows\System32\rasadhlp.dll
0x00007ffafc280000 - 0x00007ffafc2f9000 	C:\Windows\System32\fwpuclnt.dll
0x00007ffb07710000 - 0x00007ffb07736000 	C:\Windows\System32\bcrypt.dll
0x00007ffaff710000 - 0x00007ffaff722000 	C:\Program Files\Java\jdk1.8.0_211\jre\bin\nio.dll
0x00007ffb05ca0000 - 0x00007ffb05cd3000 	C:\Windows\system32\rsaenh.dll
0x00007ffb067e0000 - 0x00007ffb06808000 	C:\Windows\SYSTEM32\USERENV.dll
0x00007ffafdeb0000 - 0x00007ffafdec6000 	C:\Windows\SYSTEM32\dhcpcsvc6.DLL
0x00007ffafdcb0000 - 0x00007ffafdccc000 	C:\Windows\SYSTEM32\dhcpcsvc.DLL

VM Arguments:
jvm_args: -Dfile.encoding=UTF-8 
java_command: com.infotech.app.SpringBootCustomSecurityApplication
java_class_path (initial): C:\Program Files\Java\jdk1.8.0_211\jre\lib\resources.jar;C:\Program Files\Java\jdk1.8.0_211\jre\lib\rt.jar;C:\Program Files\Java\jdk1.8.0_211\jre\lib\jsse.jar;C:\Program Files\Java\jdk1.8.0_211\jre\lib\jce.jar;C:\Program Files\Java\jdk1.8.0_211\jre\lib\charsets.jar;C:\Program Files\Java\jdk1.8.0_211\jre\lib\jfr.jar;C:\Program Files\Java\jdk1.8.0_211\jre\lib\ext\access-bridge-64.jar;C:\Program Files\Java\jdk1.8.0_211\jre\lib\ext\cldrdata.jar;C:\Program Files\Java\jdk1.8.0_211\jre\lib\ext\dnsns.jar;C:\Program Files\Java\jdk1.8.0_211\jre\lib\ext\jaccess.jar;C:\Program Files\Java\jdk1.8.0_211\jre\lib\ext\jfxrt.jar;C:\Program Files\Java\jdk1.8.0_211\jre\lib\ext\localedata.jar;C:\Program Files\Java\jdk1.8.0_211\jre\lib\ext\nashorn.jar;C:\Program Files\Java\jdk1.8.0_211\jre\lib\ext\sunec.jar;C:\Program Files\Java\jdk1.8.0_211\jre\lib\ext\sunjce_provider.jar;C:\Program Files\Java\jdk1.8.0_211\jre\lib\ext\sunmscapi.jar;C:\Program Files\Java\jdk1.8.0_211\jre\lib\ext\sunpkcs11.jar;C:\Program Files\Java\jdk1.8.0_211\jre\lib\ext\zipfs.jar;D:\SpringBootSecurityCustomLoginAndLogoutApp-master\SpringBootSecurityCustomLoginAndLogoutApp-master\SpringBootSecurityCustomLoginAndLogoutApp-master\SpringBootSecurityCustomLoginAndLogoutApp\target\classes;C:\Users\Lenovo\.m2\repository\org\springframework\boot\spring-boot-starter-web\1.5.6.RELEASE\spring-boot-starter-web-1.5.6.RELEASE.jar;C:\Users\Lenovo\.m2\repository\org\springframework\boot\spring-boot-starter\1.5.6.RELEASE\spring-boot-starter-1.5.6.RELEASE.jar;C:\Users\Lenovo\.m2\repository\org\springframework\boot\spring-boot-starter-logging\1.5.6.RELEASE\spring-boot-starter-logging-1.5.6.RELEASE.jar;C:\Users\Lenovo\.m2\repository\ch\qos\logback\logback-classic\1.1.11\logback-classic-1.1.11.jar;C:\Users\Lenovo\.m2\repository\ch\qos\logback\logback-core\1.1.11\logback-core-1.1.11.jar;C:\Users\Lenovo\.m2\repository\org\slf4j\jul-to-slf4j\1.7.25\jul-to-slf4j-1.7.25.jar;C:\Users\Lenovo\.m2\repository\org\slf4j\lo
Launcher Type: SUN_STANDARD

Environment Variables:
PATH=C:/Program Files/Java/jre1.8.0_211/bin/server;C:/Program Files/Java/jre1.8.0_211/bin;C:/Program Files/Java/jre1.8.0_211/lib/amd64;C:\Program Files (x86)\Common Files\Oracle\Java\javapath;C:\Program Files (x86)\Intel\Intel(R) Management Engine Components\iCLS\;C:\Program Files\Intel\Intel(R) Management Engine Components\iCLS\;C:\Windows\system32;C:\Windows;C:\Windows\System32\Wbem;C:\Windows\System32\WindowsPowerShell\v1.0\;C:\Windows\System32\OpenSSH\;C:\Program Files (x86)\Intel\Intel(R) Management Engine Components\DAL;C:\Program Files\Intel\Intel(R) Management Engine Components\DAL;C:\Program Files (x86)\Intel\Intel(R) Management Engine Components\IPT;C:\Program Files\Intel\Intel(R) Management Engine Components\IPT;C:\Program Files\MySQL\MySQL Shell 8.0\bin\;D:\Softwares\eclipse;
USERNAME=Lenovo
OS=Windows_NT
PROCESSOR_IDENTIFIER=Intel64 Family 6 Model 142 Stepping 10, GenuineIntel



---------------  S Y S T E M  ---------------

OS: Windows 10.0 , 64 bit Build 17763 (10.0.17763.475)

CPU:total 8 (initial active 8) (4 cores per cpu, 2 threads per core) family 6 model 142 stepping 10, cmov, cx8, fxsr, mmx, sse, sse2, sse3, ssse3, sse4.1, sse4.2, popcnt, avx, avx2, aes, clmul, erms, 3dnowpref, lzcnt, ht, tsc, tscinvbit, bmi1, bmi2, adx

Memory: 4k page, physical 8216460k(635148k free), swap 33382284k(5132k free)

vm_info: Java HotSpot(TM) 64-Bit Server VM (25.211-b12) for windows-amd64 JRE (1.8.0_211-b12), built on Apr  1 2019 20:53:26 by "java_re" with MS VC++ 10.0 (VS2010)

time: Tue Aug 20 15:28:07 2019
timezone: India Standard Time
elapsed time: 2 seconds (0d 0h 0m 2s)

